This is pdfTeX, Version 3.141592653-2.6-1.40.22 (TeX Live 2022/dev/Debian) (preloaded format=pdflatex 2023.8.29)  3 SEP 2023 17:29
entering extended mode
 restricted \write18 enabled.
 %&-line parsing enabled.
**refman
(./refman.tex
LaTeX2e <2021-11-15> patch level 1
L3 programming layer <2022-01-21>
(/usr/share/texlive/texmf-dist/tex/latex/base/article.cls
Document Class: article 2021/10/04 v1.4n Standard LaTeX document class
(/usr/share/texlive/texmf-dist/tex/latex/base/size10.clo
File: size10.clo 2021/10/04 v1.4n Standard LaTeX file (size option)
)
\c@part=\count185
\c@section=\count186
\c@subsection=\count187
\c@subsubsection=\count188
\c@paragraph=\count189
\c@subparagraph=\count190
\c@figure=\count191
\c@table=\count192
\abovecaptionskip=\skip47
\belowcaptionskip=\skip48
\bibindent=\dimen138
)
(/usr/share/texlive/texmf-dist/tex/latex/base/ifthen.sty
Package: ifthen 2020/11/24 v1.1c Standard LaTeX ifthen package (DPC)
)
(/usr/share/texlive/texmf-dist/tex/latex/tools/array.sty
Rollback for package 'array' requested -> date 2016-10-06.
         Best approximation is the release introduced on 2016-10-06.

(/usr/share/texlive/texmf-dist/tex/latex/tools/array-2016-10-06.sty
Package: array 2016/10/06 v2.4d Tabular extension package (FMi)
\col@sep=\dimen139
\extrarowheight=\dimen140
\NC@list=\toks16
\extratabsurround=\skip49
\backup@length=\skip50
))
(/usr/share/texlive/texmf-dist/tex/latex/base/fixltx2e.sty
Package: fixltx2e 2016/12/29 v2.1a fixes to LaTeX (obsolete)
Applying: [2015/01/01] Old fixltx2e package on input line 46.


Package fixltx2e Warning: fixltx2e is not required with releases after 2015
(fixltx2e)                All fixes are now in the LaTeX kernel.
(fixltx2e)                See the latexrelease package for details.

Already applied: [0000/00/00] Old fixltx2e package on input line 53.
) (./doxygen.sty
Package: doxygen 
 (/usr/share/texlive/texmf-dist/tex/latex/base/alltt.sty
Package: alltt 2021/01/29 v2.0g defines alltt environment
)
(/usr/share/texlive/texmf-dist/tex/latex/tools/calc.sty
Package: calc 2017/05/25 v4.3 Infix arithmetic (KKT,FJ)
\calc@Acount=\count193
\calc@Bcount=\count194
\calc@Adimen=\dimen141
\calc@Bdimen=\dimen142
\calc@Askip=\skip51
\calc@Bskip=\skip52
LaTeX Info: Redefining \setlength on input line 80.
LaTeX Info: Redefining \addtolength on input line 81.
\calc@Ccount=\count195
\calc@Cskip=\skip53
)
(/usr/share/texlive/texmf-dist/tex/latex/float/float.sty
Package: float 2001/11/08 v1.3d Float enhancements (AL)
\c@float@type=\count196
\float@exts=\toks17
\float@box=\box50
\@float@everytoks=\toks18
\@floatcapt=\box51
)
(/usr/share/texlive/texmf-dist/tex/latex/tools/verbatim.sty
Package: verbatim 2020-07-07 v1.5u LaTeX2e package for verbatim enhancements
\every@verbatim=\toks19
\verbatim@line=\toks20
\verbatim@in@stream=\read2
)
(/usr/share/texlive/texmf-dist/tex/latex/xcolor/xcolor.sty
Package: xcolor 2021/10/31 v2.13 LaTeX color extensions (UK)

(/usr/share/texlive/texmf-dist/tex/latex/graphics-cfg/color.cfg
File: color.cfg 2016/01/02 v1.6 sample color configuration
)
Package xcolor Info: Driver file: pdftex.def on input line 227.

(/usr/share/texlive/texmf-dist/tex/latex/graphics-def/pdftex.def
File: pdftex.def 2020/10/05 v1.2a Graphics/color driver for pdftex
)
(/usr/share/texlive/texmf-dist/tex/latex/colortbl/colortbl.sty
Package: colortbl 2020/01/04 v1.0e Color table columns (DPC)
\everycr=\toks21
\minrowclearance=\skip54
)
\rownum=\count197
Package xcolor Info: Model `cmy' substituted by `cmy0' on input line 1352.
Package xcolor Info: Model `hsb' substituted by `rgb' on input line 1356.
Package xcolor Info: Model `RGB' extended on input line 1368.
Package xcolor Info: Model `HTML' substituted by `rgb' on input line 1370.
Package xcolor Info: Model `Hsb' substituted by `hsb' on input line 1371.
Package xcolor Info: Model `tHsb' substituted by `hsb' on input line 1372.
Package xcolor Info: Model `HSB' substituted by `hsb' on input line 1373.
Package xcolor Info: Model `Gray' substituted by `gray' on input line 1374.
Package xcolor Info: Model `wave' substituted by `hsb' on input line 1375.
)
(./longtable_doxygen.sty
Package: longtable_doxygen 2014/10/28 v4.11 Multi-page Table package (DPC) - fr
ozen version for doxygen
\LTleft=\skip55
\LTright=\skip56
\LTpre=\skip57
\LTpost=\skip58
\LTchunksize=\count198
\LTcapwidth=\dimen143
\LT@head=\box52
\LT@firsthead=\box53
\LT@foot=\box54
\LT@lastfoot=\box55
\LT@cols=\count199
\LT@rows=\count266
\c@LT@tables=\count267
\c@LT@chunks=\count268
\LT@p@ftn=\toks22
) (./tabu_doxygen.sty
Package: tabu_doxygen 2011/02/26 v2.8 - flexible LaTeX tabulars (FC), frozen ve
rsion for doxygen

(/usr/share/texlive/texmf-dist/tex/latex/varwidth/varwidth.sty
Package: varwidth 2009/03/30 ver 0.92;  Variable-width minipages
\@vwid@box=\box56
\sift@deathcycles=\count269
\@vwid@loff=\dimen144
\@vwid@roff=\dimen145
)
\c@taburow=\count270
\tabu@nbcols=\count271
\tabu@cnt=\count272
\tabu@Xcol=\count273
\tabu@alloc=\count274
\tabu@nested=\count275
\tabu@target=\dimen146
\tabu@spreadtarget=\dimen147
\tabu@naturalX=\dimen148
\tabucolX=\dimen149
\tabu@Xsum=\dimen150
\extrarowdepth=\dimen151
\abovetabulinesep=\dimen152
\belowtabulinesep=\dimen153
\tabustrutrule=\dimen154
\tabu@thebody=\toks23
\tabu@footnotes=\toks24
\tabu@box=\box57
\tabu@arstrutbox=\box58
\tabu@hleads=\box59
\tabu@vleads=\box60
\tabu@cellskip=\skip59
)
(/usr/share/texlive/texmf-dist/tex/latex/fancyvrb/fancyvrb.sty
Package: fancyvrb 2021/12/21 4.1b verbatim text (tvz,hv)

(/usr/share/texlive/texmf-dist/tex/latex/graphics/keyval.sty
Package: keyval 2014/10/28 v1.15 key=value parser (DPC)
\KV@toks@=\toks25
)
\FV@CodeLineNo=\count276
\FV@InFile=\read3
\FV@TabBox=\box61
\c@FancyVerbLine=\count277
\FV@StepNumber=\count278
\FV@OutFile=\write3
)
(/usr/share/texlive/texmf-dist/tex/latex/tools/tabularx.sty
Package: tabularx 2020/01/15 v2.11c `tabularx' package (DPC)
\TX@col@width=\dimen155
\TX@old@table=\dimen156
\TX@old@col=\dimen157
\TX@target=\dimen158
\TX@delta=\dimen159
\TX@cols=\count279
\TX@ftn=\toks26
)
(/usr/share/texlive/texmf-dist/tex/latex/tools/multicol.sty
Package: multicol 2021/10/28 v1.9b multicolumn formatting (FMi)
\c@tracingmulticols=\count280
\mult@box=\box62
\multicol@leftmargin=\dimen160
\c@unbalance=\count281
\c@collectmore=\count282
\doublecol@number=\count283
\multicoltolerance=\count284
\multicolpretolerance=\count285
\full@width=\dimen161
\page@free=\dimen162
\premulticols=\dimen163
\postmulticols=\dimen164
\multicolsep=\skip60
\multicolbaselineskip=\skip61
\partial@page=\box63
\last@line=\box64
\maxbalancingoverflow=\dimen165
\mult@rightbox=\box65
\mult@grightbox=\box66
\mult@firstbox=\box67
\mult@gfirstbox=\box68
\@tempa=\box69
\@tempa=\box70
\@tempa=\box71
\@tempa=\box72
\@tempa=\box73
\@tempa=\box74
\@tempa=\box75
\@tempa=\box76
\@tempa=\box77
\@tempa=\box78
\@tempa=\box79
\@tempa=\box80
\@tempa=\box81
\@tempa=\box82
\@tempa=\box83
\@tempa=\box84
\@tempa=\box85
\@tempa=\box86
\@tempa=\box87
\@tempa=\box88
\@tempa=\box89
\@tempa=\box90
\@tempa=\box91
\@tempa=\box92
\@tempa=\box93
\@tempa=\box94
\@tempa=\box95
\@tempa=\box96
\@tempa=\box97
\@tempa=\box98
\@tempa=\box99
\@tempa=\box100
\@tempa=\box101
\@tempa=\box102
\@tempa=\box103
\@tempa=\box104
\c@minrows=\count286
\c@columnbadness=\count287
\c@finalcolumnbadness=\count288
\last@try=\dimen166
\multicolovershoot=\dimen167
\multicolundershoot=\dimen168
\mult@nat@firstbox=\box105
\colbreak@box=\box106
\mc@col@check@num=\count289
)
(/usr/share/texlive/texmf-dist/tex/latex/multirow/multirow.sty
Package: multirow 2021/03/15 v2.8 Span multiple rows of a table
\multirow@colwidth=\skip62
\multirow@cntb=\count290
\multirow@dima=\skip63
\bigstrutjot=\dimen169
)
(/usr/share/texlive/texmf-dist/tex/latex/hanging/hanging.sty
Package: hanging 2009/09/02 v1.2b hanging paragraphs and punctuation
\h@ngcommawd=\skip64
\h@ngfstopwd=\skip65
\h@ngquotewd=\skip66
\h@ngdquotewd=\skip67
\h@ngquerywd=\skip68
\h@ngexclwd=\skip69
\h@ngcolonwd=\skip70
\h@ngscolonwd=\skip71
)
(/usr/share/texlive/texmf-dist/tex/generic/iftex/ifpdf.sty
Package: ifpdf 2019/10/25 v3.4 ifpdf legacy package. Use iftex instead.

(/usr/share/texlive/texmf-dist/tex/generic/iftex/iftex.sty
Package: iftex 2020/03/06 v1.0d TeX engine tests
))
(/usr/share/texlive/texmf-dist/tex/latex/adjustbox/adjustbox.sty
Package: adjustbox 2020/08/19 v1.3 Adjusting TeX boxes (trim, clip, ...)

(/usr/share/texlive/texmf-dist/tex/latex/xkeyval/xkeyval.sty
Package: xkeyval 2020/11/20 v2.8 package option processing (HA)

(/usr/share/texlive/texmf-dist/tex/generic/xkeyval/xkeyval.tex
(/usr/share/texlive/texmf-dist/tex/generic/xkeyval/xkvutils.tex
\XKV@toks=\toks27
\XKV@tempa@toks=\toks28
)
\XKV@depth=\count291
File: xkeyval.tex 2014/12/03 v2.7a key=value parser (HA)
))
(/usr/share/texlive/texmf-dist/tex/latex/adjustbox/adjcalc.sty
Package: adjcalc 2012/05/16 v1.1 Provides advanced setlength with multiple back
-ends (calc, etex, pgfmath)
)
(/usr/share/texlive/texmf-dist/tex/latex/adjustbox/trimclip.sty
Package: trimclip 2020/08/19 v1.2 Trim and clip general TeX material

(/usr/share/texlive/texmf-dist/tex/latex/graphics/graphicx.sty
Package: graphicx 2021/09/16 v1.2d Enhanced LaTeX Graphics (DPC,SPQR)

(/usr/share/texlive/texmf-dist/tex/latex/graphics/graphics.sty
Package: graphics 2021/03/04 v1.4d Standard LaTeX Graphics (DPC,SPQR)

(/usr/share/texlive/texmf-dist/tex/latex/graphics/trig.sty
Package: trig 2021/08/11 v1.11 sin cos tan (DPC)
)
(/usr/share/texlive/texmf-dist/tex/latex/graphics-cfg/graphics.cfg
File: graphics.cfg 2016/06/04 v1.11 sample graphics configuration
)
Package graphics Info: Driver file: pdftex.def on input line 107.
)
\Gin@req@height=\dimen170
\Gin@req@width=\dimen171
)
(/usr/share/texlive/texmf-dist/tex/latex/collectbox/collectbox.sty
Package: collectbox 2012/05/17 v0.4b Collect macro arguments as boxes
\collectedbox=\box107
)
\tc@llx=\dimen172
\tc@lly=\dimen173
\tc@urx=\dimen174
\tc@ury=\dimen175
Package trimclip Info: Using driver 'tc-pdftex.def'.

(/usr/share/texlive/texmf-dist/tex/latex/adjustbox/tc-pdftex.def
File: tc-pdftex.def 2019/01/04 v2.2 Clipping driver for pdftex
))
\adjbox@Width=\dimen176
\adjbox@Height=\dimen177
\adjbox@Depth=\dimen178
\adjbox@Totalheight=\dimen179
\adjbox@pwidth=\dimen180
\adjbox@pheight=\dimen181
\adjbox@pdepth=\dimen182
\adjbox@ptotalheight=\dimen183

(/usr/share/texlive/texmf-dist/tex/latex/ifoddpage/ifoddpage.sty
Package: ifoddpage 2016/04/23 v1.1 Conditionals for odd/even page detection
\c@checkoddpage=\count292
))
(/usr/share/texlive/texmf-dist/tex/latex/amsfonts/amssymb.sty
Package: amssymb 2013/01/14 v3.01 AMS font symbols

(/usr/share/texlive/texmf-dist/tex/latex/amsfonts/amsfonts.sty
Package: amsfonts 2013/01/14 v3.01 Basic AMSFonts support
\@emptytoks=\toks29
\symAMSa=\mathgroup4
\symAMSb=\mathgroup5
LaTeX Font Info:    Redeclaring math symbol \hbar on input line 98.
LaTeX Font Info:    Overwriting math alphabet `\mathfrak' in version `bold'
(Font)                  U/euf/m/n --> U/euf/b/n on input line 106.
))
(/usr/share/texlive/texmf-dist/tex/latex/stackengine/stackengine.sty
Package: stackengine 2021/07/22 v4.11\ Stacking text and objects in convenient 
ways

(/usr/share/texlive/texmf-dist/tex/latex/etoolbox/etoolbox.sty
Package: etoolbox 2020/10/05 v2.5k e-TeX tools for LaTeX (JAW)
\etb@tempcnta=\count293
)
(/usr/share/texlive/texmf-dist/tex/generic/listofitems/listofitems.sty
(/usr/share/texlive/texmf-dist/tex/generic/listofitems/listofitems.tex
\loi_cnt_foreach_nest=\count294
\loi_nestcnt=\count295
)
Package: listofitems 2019/08/21 v1.63 Grab items in lists using user-specified 
sep char (CT)
)
\c@@stackindex=\count296
\@boxshift=\skip72
\stack@tmplength=\skip73
\temp@stkl=\skip74
\@stackedboxwidth=\skip75
\@addedbox=\box108
\@anchorbox=\box109
\@insetbox=\box110
\se@backgroundbox=\box111
\stackedbox=\box112
\@centerbox=\box113
\c@ROWcellindex@=\count297
)
(/usr/share/texlive/texmf-dist/tex/generic/ulem/ulem.sty
\UL@box=\box114
\UL@hyphenbox=\box115
\UL@skip=\skip76
\UL@hook=\toks30
\UL@height=\dimen184
\UL@pe=\count298
\UL@pixel=\dimen185
\ULC@box=\box116
Package: ulem 2019/11/18
\ULdepth=\dimen186
)
\xrefbox=\box117
\xreflength=\skip77
\CodeWidthChar=\skip78
\CodeHeightChar=\skip79
\DoxyCodeWidth=\skip80
)
(/usr/share/texlive/texmf-dist/tex/latex/base/inputenc.sty
Package: inputenc 2021/02/14 v1.3d Input encoding file
\inpenc@prehook=\toks31
\inpenc@posthook=\toks32
)
(/usr/share/texlive/texmf-dist/tex/latex/base/makeidx.sty
Package: makeidx 2021/10/04 v1.0m Standard LaTeX package
)
(/usr/share/texlive/texmf-dist/tex/latex/base/textcomp.sty
Package: textcomp 2020/02/02 v2.0n Standard LaTeX package
)
(/usr/share/texlive/texmf-dist/tex/latex/wasysym/wasysym.sty
Package: wasysym 2020/01/19 v2.4 Wasy-2 symbol support package
\symwasy=\mathgroup6
LaTeX Font Info:    Overwriting symbol font `wasy' in version `bold'
(Font)                  U/wasy/m/n --> U/wasy/b/n on input line 93.
)
(/usr/share/texlive/texmf-dist/tex/generic/iftex/ifxetex.sty
Package: ifxetex 2019/10/25 v0.7 ifxetex legacy package. Use iftex instead.
)
(/usr/share/texlive/texmf-dist/tex/latex/base/fontenc.sty
Package: fontenc 2021/04/29 v2.0v Standard LaTeX package
)
(/usr/share/texlive/texmf-dist/tex/latex/psnfss/helvet.sty
Package: helvet 2020/03/25 PSNFSS-v9.3 (WaS) 
)
(/usr/share/texlive/texmf-dist/tex/latex/psnfss/courier.sty
Package: courier 2020/03/25 PSNFSS-v9.3 (WaS) 
)
(/usr/share/texlive/texmf-dist/tex/latex/sectsty/sectsty.sty
Package: sectsty 2002/02/25 v2.0.2 Commands to change all sectional heading sty
les


LaTeX Warning: Command \underbar  has changed.
               Check if current package is valid.


LaTeX Warning: Command \underline  has changed.
               Check if current package is valid.

) (/usr/share/texlive/texmf-dist/tex/latex/geometry/geometry.sty
Package: geometry 2020/01/02 v5.9 Page Geometry

(/usr/share/texlive/texmf-dist/tex/generic/iftex/ifvtex.sty
Package: ifvtex 2019/10/25 v1.7 ifvtex legacy package. Use iftex instead.
)
\Gm@cnth=\count299
\Gm@cntv=\count300
\c@Gm@tempcnt=\count301
\Gm@bindingoffset=\dimen187
\Gm@wd@mp=\dimen188
\Gm@odd@mp=\dimen189
\Gm@even@mp=\dimen190
\Gm@layoutwidth=\dimen191
\Gm@layoutheight=\dimen192
\Gm@layouthoffset=\dimen193
\Gm@layoutvoffset=\dimen194
\Gm@dimlist=\toks33
)
(/usr/share/texlive/texmf-dist/tex/latex/fancyhdr/fancyhdr.sty
Package: fancyhdr 2021/01/28 v4.0.1 Extensive control of page headers and foote
rs
\f@nch@headwidth=\skip81
\f@nch@O@elh=\skip82
\f@nch@O@erh=\skip83
\f@nch@O@olh=\skip84
\f@nch@O@orh=\skip85
\f@nch@O@elf=\skip86
\f@nch@O@erf=\skip87
\f@nch@O@olf=\skip88
\f@nch@O@orf=\skip89
)
(/usr/share/texlive/texmf-dist/tex/latex/natbib/natbib.sty
Package: natbib 2010/09/13 8.31b (PWD, AO)
\bibhang=\skip90
\bibsep=\skip91
LaTeX Info: Redefining \cite on input line 694.
\c@NAT@ctr=\count302
)
(/usr/share/texlive/texmf-dist/tex/latex/tocloft/tocloft.sty
Package: tocloft 2017/08/31 v2.3i parameterised ToC, etc., typesetting
Package tocloft Info: The document has section divisions on input line 51.
\cftparskip=\skip92
\cftbeforetoctitleskip=\skip93
\cftaftertoctitleskip=\skip94
\cftbeforepartskip=\skip95
\cftpartnumwidth=\skip96
\cftpartindent=\skip97
\cftbeforesecskip=\skip98
\cftsecindent=\skip99
\cftsecnumwidth=\skip100
\cftbeforesubsecskip=\skip101
\cftsubsecindent=\skip102
\cftsubsecnumwidth=\skip103
\cftbeforesubsubsecskip=\skip104
\cftsubsubsecindent=\skip105
\cftsubsubsecnumwidth=\skip106
\cftbeforeparaskip=\skip107
\cftparaindent=\skip108
\cftparanumwidth=\skip109
\cftbeforesubparaskip=\skip110
\cftsubparaindent=\skip111
\cftsubparanumwidth=\skip112
\cftbeforeloftitleskip=\skip113
\cftafterloftitleskip=\skip114
\cftbeforefigskip=\skip115
\cftfigindent=\skip116
\cftfignumwidth=\skip117
\c@lofdepth=\count303
\c@lotdepth=\count304
\cftbeforelottitleskip=\skip118
\cftafterlottitleskip=\skip119
\cftbeforetabskip=\skip120
\cfttabindent=\skip121
\cfttabnumwidth=\skip122
)
\@indexfile=\write4
\openout4 = `refman.idx'.


Writing index file refman.idx
(/usr/share/texlive/texmf-dist/tex/latex/newunicodechar/newunicodechar.sty
Package: newunicodechar 2018/04/08 v1.2 Defining Unicode characters
)

Package newunicodechar Warning: Redefining Unicode character on input line 112.



Package newunicodechar Warning: Redefining Unicode character on input line 113.


(/usr/share/texlive/texmf-dist/tex/latex/hyperref/hyperref.sty
Package: hyperref 2021-06-07 v7.00m Hypertext links for LaTeX

(/usr/share/texlive/texmf-dist/tex/generic/ltxcmds/ltxcmds.sty
Package: ltxcmds 2020-05-10 v1.25 LaTeX kernel commands for general use (HO)
)
(/usr/share/texlive/texmf-dist/tex/generic/pdftexcmds/pdftexcmds.sty
Package: pdftexcmds 2020-06-27 v0.33 Utility functions of pdfTeX for LuaTeX (HO
)

(/usr/share/texlive/texmf-dist/tex/generic/infwarerr/infwarerr.sty
Package: infwarerr 2019/12/03 v1.5 Providing info/warning/error messages (HO)
)
Package pdftexcmds Info: \pdf@primitive is available.
Package pdftexcmds Info: \pdf@ifprimitive is available.
Package pdftexcmds Info: \pdfdraftmode found.
)
(/usr/share/texlive/texmf-dist/tex/generic/kvsetkeys/kvsetkeys.sty
Package: kvsetkeys 2019/12/15 v1.18 Key value parser (HO)
)
(/usr/share/texlive/texmf-dist/tex/generic/kvdefinekeys/kvdefinekeys.sty
Package: kvdefinekeys 2019-12-19 v1.6 Define keys (HO)
)
(/usr/share/texlive/texmf-dist/tex/generic/pdfescape/pdfescape.sty
Package: pdfescape 2019/12/09 v1.15 Implements pdfTeX's escape features (HO)
)
(/usr/share/texlive/texmf-dist/tex/latex/hycolor/hycolor.sty
Package: hycolor 2020-01-27 v1.10 Color options for hyperref/bookmark (HO)
)
(/usr/share/texlive/texmf-dist/tex/latex/letltxmacro/letltxmacro.sty
Package: letltxmacro 2019/12/03 v1.6 Let assignment for LaTeX macros (HO)
)
(/usr/share/texlive/texmf-dist/tex/latex/auxhook/auxhook.sty
Package: auxhook 2019-12-17 v1.6 Hooks for auxiliary files (HO)
)
(/usr/share/texlive/texmf-dist/tex/latex/kvoptions/kvoptions.sty
Package: kvoptions 2020-10-07 v3.14 Key value format for package options (HO)
)
\@linkdim=\dimen195
\Hy@linkcounter=\count305
\Hy@pagecounter=\count306

(/usr/share/texlive/texmf-dist/tex/latex/hyperref/pd1enc.def
File: pd1enc.def 2021-06-07 v7.00m Hyperref: PDFDocEncoding definition (HO)
Now handling font encoding PD1 ...
... no UTF-8 mapping file for font encoding PD1
)
(/usr/share/texlive/texmf-dist/tex/latex/hyperref/hyperref-langpatches.def
File: hyperref-langpatches.def 2021-06-07 v7.00m Hyperref: patches for babel la
nguages
)
(/usr/share/texlive/texmf-dist/tex/generic/intcalc/intcalc.sty
Package: intcalc 2019/12/15 v1.3 Expandable calculations with integers (HO)
)
(/usr/share/texlive/texmf-dist/tex/generic/etexcmds/etexcmds.sty
Package: etexcmds 2019/12/15 v1.7 Avoid name clashes with e-TeX commands (HO)
)
\Hy@SavedSpaceFactor=\count307

(/usr/share/texlive/texmf-dist/tex/latex/hyperref/puenc.def
File: puenc.def 2021-06-07 v7.00m Hyperref: PDF Unicode definition (HO)
Now handling font encoding PU ...
... no UTF-8 mapping file for font encoding PU
)
Package hyperref Info: Hyper figures OFF on input line 4192.
Package hyperref Info: Link nesting OFF on input line 4197.
Package hyperref Info: Hyper index ON on input line 4200.
Package hyperref Info: Plain pages OFF on input line 4207.
Package hyperref Info: Backreferencing ON on input line 4210.
Package hyperref Info: Implicit mode ON; LaTeX internals redefined.
Package hyperref Info: Bookmarks ON on input line 4445.

(/usr/share/texlive/texmf-dist/tex/latex/hyperref/backref.sty
Package: backref 2021/02/04 v1.41 Bibliographical back referencing

(/usr/share/texlive/texmf-dist/tex/latex/rerunfilecheck/rerunfilecheck.sty
Package: rerunfilecheck 2019/12/05 v1.9 Rerun checks for auxiliary files (HO)

(/usr/share/texlive/texmf-dist/tex/latex/base/atveryend-ltx.sty
Package: atveryend-ltx 2020/08/19 v1.0a Emulation of the original atveryend pac
kage
with kernel methods
)
(/usr/share/texlive/texmf-dist/tex/generic/uniquecounter/uniquecounter.sty
Package: uniquecounter 2019/12/15 v1.4 Provide unlimited unique counter (HO)

(/usr/share/texlive/texmf-dist/tex/generic/bigintcalc/bigintcalc.sty
Package: bigintcalc 2019/12/15 v1.5 Expandable calculations on big integers (HO
)
))
Package uniquecounter Info: New unique counter `rerunfilecheck' on input line 2
86.
))
\c@Hy@tempcnt=\count308

(/usr/share/texlive/texmf-dist/tex/latex/url/url.sty
\Urlmuskip=\muskip16
Package: url 2013/09/16  ver 3.4  Verb mode for urls, etc.
)
LaTeX Info: Redefining \url on input line 4804.
\XeTeXLinkMargin=\dimen196

(/usr/share/texlive/texmf-dist/tex/generic/bitset/bitset.sty
Package: bitset 2019/12/09 v1.3 Handle bit-vector datatype (HO)
)
\Fld@menulength=\count309
\Field@Width=\dimen197
\Fld@charsize=\dimen198
Package hyperref Info: Hyper figures OFF on input line 6076.
Package hyperref Info: Link nesting OFF on input line 6081.
Package hyperref Info: Hyper index ON on input line 6084.
Package hyperref Info: backreferencing ON on input line 6089.
Package hyperref Info: Link coloring OFF on input line 6096.
Package hyperref Info: Link coloring with OCG OFF on input line 6101.
Package hyperref Info: PDF/A mode OFF on input line 6106.
LaTeX Info: Redefining \ref on input line 6146.
LaTeX Info: Redefining \pageref on input line 6150.

(/usr/share/texlive/texmf-dist/tex/latex/base/atbegshi-ltx.sty
Package: atbegshi-ltx 2021/01/10 v1.0c Emulation of the original atbegshi
package with kernel methods
)
\Hy@abspage=\count310
\c@Item=\count311
\c@Hfootnote=\count312


LaTeX Warning: Command \LT@p@ftntext  has changed.
               Check if current package is valid.

)
Package hyperref Info: Driver: hpdftex.
 (/usr/share/texlive/texmf-dist/tex/latex/hyperref/hpdftex.def
File: hpdftex.def 2021-06-07 v7.00m Hyperref driver for pdfTeX
\Fld@listcount=\count313
\c@bookmark@seq@number=\count314
\Hy@SectionHShift=\skip123
)
Package hyperref Info: Option `colorlinks' set `true' on input line 131.
Package hyperref Info: Option `unicode' set `true' on input line 131.

(/usr/share/texlive/texmf-dist/tex/latex/caption/caption.sty
Package: caption 2020/10/26 v3.5g Customizing captions (AR)

(/usr/share/texlive/texmf-dist/tex/latex/caption/caption3.sty
Package: caption3 2020/10/21 v2.2e caption3 kernel (AR)
\captionmargin=\dimen199
\captionmargin@=\dimen256
\captionwidth=\dimen257
\caption@tempdima=\dimen258
\caption@indent=\dimen259
\caption@parindent=\dimen260
\caption@hangindent=\dimen261
Package caption Info: Standard document class detected.
)
\c@caption@flags=\count315
\c@continuedfloat=\count316
Package caption Info: float package is loaded.
Package caption Info: hyperref package is loaded.
Package caption Info: longtable package is loaded.

(/usr/share/texlive/texmf-dist/tex/latex/caption/ltcaption.sty
Package: ltcaption 2020/05/30 v1.4b longtable captions (AR)
))
(/usr/share/texlive/texmf-dist/tex/latex/etoc/etoc.sty
Package: etoc 2021/09/23 v1.09e Completely customisable TOCs (JFB)
\Etoc@toctoks=\toks34
\c@etoc@tocid=\count317
\c@etoc@tocdepth=\count318
\etoc@framed@titlebox=\box118
\etoc@framed@contentsbox=\box119
)
LaTeX Font Info:    Trying to load font information for T1+phv on input line 14
6.

(/usr/share/texlive/texmf-dist/tex/latex/psnfss/t1phv.fd
File: t1phv.fd 2020/03/25 scalable font definitions for T1/phv.
)
LaTeX Font Info:    Font shape `T1/phv/m/n' will be
(Font)              scaled to size 8.99994pt on input line 146.

(/usr/share/texlive/texmf-dist/tex/latex/l3backend/l3backend-pdftex.def
File: l3backend-pdftex.def 2022-01-12 L3 backend support: PDF output (pdfTeX)
\l__color_backend_stack_int=\count319
\l__pdf_internal_box=\box120
)
(./refman.aux)
\openout1 = `refman.aux'.

LaTeX Font Info:    Checking defaults for OML/cmm/m/it on input line 146.
LaTeX Font Info:    ... okay on input line 146.
LaTeX Font Info:    Checking defaults for OMS/cmsy/m/n on input line 146.
LaTeX Font Info:    ... okay on input line 146.
LaTeX Font Info:    Checking defaults for OT1/cmr/m/n on input line 146.
LaTeX Font Info:    ... okay on input line 146.
LaTeX Font Info:    Checking defaults for T1/cmr/m/n on input line 146.
LaTeX Font Info:    ... okay on input line 146.
LaTeX Font Info:    Checking defaults for TS1/cmr/m/n on input line 146.
LaTeX Font Info:    ... okay on input line 146.
LaTeX Font Info:    Checking defaults for OMX/cmex/m/n on input line 146.
LaTeX Font Info:    ... okay on input line 146.
LaTeX Font Info:    Checking defaults for U/cmr/m/n on input line 146.
LaTeX Font Info:    ... okay on input line 146.
LaTeX Font Info:    Checking defaults for PD1/pdf/m/n on input line 146.
LaTeX Font Info:    ... okay on input line 146.
LaTeX Font Info:    Checking defaults for PU/pdf/m/n on input line 146.
LaTeX Font Info:    ... okay on input line 146.

(/usr/share/texlive/texmf-dist/tex/context/base/mkii/supp-pdf.mkii
[Loading MPS to PDF converter (version 2006.09.02).]
\scratchcounter=\count320
\scratchdimen=\dimen262
\scratchbox=\box121
\nofMPsegments=\count321
\nofMParguments=\count322
\everyMPshowfont=\toks35
\MPscratchCnt=\count323
\MPscratchDim=\dimen263
\MPnumerator=\count324
\makeMPintoPDFobject=\count325
\everyMPtoPDFconversion=\toks36
) (/usr/share/texlive/texmf-dist/tex/latex/epstopdf-pkg/epstopdf-base.sty
Package: epstopdf-base 2020-01-24 v2.11 Base part for package epstopdf
Package epstopdf-base Info: Redefining graphics rule for `.eps' on input line 4
85.

(/usr/share/texlive/texmf-dist/tex/latex/latexconfig/epstopdf-sys.cfg
File: epstopdf-sys.cfg 2010/07/13 v1.3 Configuration of (r)epstopdf for TeX Liv
e
))
*geometry* driver: auto-detecting
*geometry* detected driver: pdftex
*geometry* verbose mode - [ preamble ] result:
* driver: pdftex
* paper: a4paper
* layout: <same size as paper>
* layoutoffset:(h,v)=(0.0pt,0.0pt)
* modes: twoside 
* h-part:(L,W,R)=(71.13188pt, 455.24411pt, 71.13188pt)
* v-part:(T,H,B)=(71.13188pt, 702.78308pt, 71.13188pt)
* \paperwidth=597.50787pt
* \paperheight=845.04684pt
* \textwidth=455.24411pt
* \textheight=702.78308pt
* \oddsidemargin=-1.1381pt
* \evensidemargin=-1.1381pt
* \topmargin=-38.1381pt
* \headheight=12.0pt
* \headsep=25.0pt
* \topskip=10.0pt
* \footskip=30.0pt
* \marginparwidth=121.0pt
* \marginparsep=11.0pt
* \columnsep=10.0pt
* \skip\footins=9.0pt plus 4.0pt minus 2.0pt
* \hoffset=0.0pt
* \voffset=0.0pt
* \mag=1000
* \@twocolumnfalse
* \@twosidetrue
* \@mparswitchtrue
* \@reversemarginfalse
* (1in=72.27pt=25.4mm, 1cm=28.453pt)

Package hyperref Info: Link coloring ON on input line 146.
(/usr/share/texlive/texmf-dist/tex/latex/hyperref/nameref.sty
Package: nameref 2021-04-02 v2.47 Cross-referencing by name of section

(/usr/share/texlive/texmf-dist/tex/latex/refcount/refcount.sty
Package: refcount 2019/12/15 v3.6 Data extraction from label references (HO)
)
(/usr/share/texlive/texmf-dist/tex/generic/gettitlestring/gettitlestring.sty
Package: gettitlestring 2019/12/15 v1.6 Cleanup title references (HO)
)
\c@section@level=\count326
)
LaTeX Info: Redefining \ref on input line 146.
LaTeX Info: Redefining \pageref on input line 146.
LaTeX Info: Redefining \nameref on input line 146.

(./refman.out) (./refman.out)
\@outlinefile=\write5
\openout5 = `refman.out'.

Package backref Info: ** backref set up for natbib ** on input line 146.
Package caption Info: Begin \AtBeginDocument code.
Package caption Info: End \AtBeginDocument code.
\Etoc@tf=\read4
Package hyperref Info: Option `pageanchor' set `false' on input line 153.
Package hyperref Info: Option `bookmarksnumbered' set `true' on input line 153.

Package hyperref Info: Option `unicode' set `true' on input line 153.
LaTeX Font Info:    Font shape `T1/phv/m/n' will be
(Font)              scaled to size 12.9599pt on input line 158.
LaTeX Font Info:    Font shape `T1/phv/m/n' will be
(Font)              scaled to size 10.79993pt on input line 160.
 [1

{/var/lib/texmf/fonts/map/pdftex/updmap/pdftex.map}]
\tf@toc=\write6
\openout6 = `refman.toc'.

LaTeX Font Info:    Font shape `T1/phv/b/n' will be
(Font)              scaled to size 8.99994pt on input line 165.
LaTeX Font Info:    Trying to load font information for U+msa on input line 165
.
 (/usr/share/texlive/texmf-dist/tex/latex/amsfonts/umsa.fd
File: umsa.fd 2013/01/14 v3.01 AMS symbols A
)
LaTeX Font Info:    Trying to load font information for U+msb on input line 165
.

(/usr/share/texlive/texmf-dist/tex/latex/amsfonts/umsb.fd
File: umsb.fd 2013/01/14 v3.01 AMS symbols B
)
LaTeX Font Info:    Trying to load font information for U+wasy on input line 16
5.

(/usr/share/texlive/texmf-dist/tex/latex/wasysym/uwasy.fd
File: uwasy.fd 2020/01/19 v2.4 Wasy-2 symbol font definitions
)
LaTeX Font Info:    Font shape `T1/phv/m/n' will be
(Font)              scaled to size 6.29996pt on input line 165.
LaTeX Font Info:    Font shape `T1/phv/b/n' will be
(Font)              scaled to size 6.29996pt on input line 165.
 [1] [2]
Package hyperref Info: Option `pageanchor' set `true' on input line 166.
LaTeX Font Info:    Font shape `T1/phv/b/n' will be
(Font)              scaled to size 12.9599pt on input line 169.

(./hierarchy.tex
LaTeX Font Info:    Font shape `T1/phv/b/n' will be
(Font)              scaled to size 10.79993pt on input line 1.
 [1]) (./annotated.tex [2]) (./classgeometry_1_1Edge.tex

Package hyperref Warning: Token not allowed in a PDF string (Unicode):
(hyperref)                removing `math shift' on input line 1.


Package hyperref Warning: Token not allowed in a PDF string (Unicode):
(hyperref)                removing `math shift' on input line 1.


Package hyperref Warning: Token not allowed in a PDF string (Unicode):
(hyperref)                removing `math shift' on input line 1.


Package hyperref Warning: Token not allowed in a PDF string (Unicode):
(hyperref)                removing `math shift' on input line 1.

LaTeX Font Info:    Trying to load font information for TS1+phv on input line 6
.
(/usr/share/texlive/texmf-dist/tex/latex/psnfss/ts1phv.fd
File: ts1phv.fd 2020/03/25 scalable font definitions for TS1/phv.
)
LaTeX Font Info:    Font shape `TS1/phv/m/n' will be
(Font)              scaled to size 8.99994pt on input line 6.
LaTeX Font Info:    Font shape `T1/phv/m/n' will be
(Font)              scaled to size 8.09995pt on input line 7.
LaTeX Font Info:    Font shape `T1/phv/m/it' in size <9> not available
(Font)              Font shape `T1/phv/m/sl' tried instead on input line 7.
LaTeX Font Info:    Font shape `T1/phv/m/sl' will be
(Font)              scaled to size 8.09995pt on input line 7.
LaTeX Font Info:    Font shape `T1/phv/m/n' will be
(Font)              scaled to size 7.19995pt on input line 41.
LaTeX Font Info:    Trying to load font information for T1+pcr on input line 41
.

(/usr/share/texlive/texmf-dist/tex/latex/psnfss/t1pcr.fd
File: t1pcr.fd 2001/06/04 font definitions for T1/pcr.
)
LaTeX Font Info:    Font shape `T1/pcr/m/it' in size <8> not available
(Font)              Font shape `T1/pcr/m/sl' tried instead on input line 42.
LaTeX Font Info:    Font shape `T1/pcr/m/it' in size <7> not available
(Font)              Font shape `T1/pcr/m/sl' tried instead on input line 42.
 [3]
Underfull \hbox (badness 10000) detected at line 71
[][][]
 []


Underfull \hbox (badness 10000) detected at line 85
[][][]
 []


Underfull \hbox (badness 10000) detected at line 99
[][][]
 []

[4]
Underfull \hbox (badness 10000) detected at line 113
[][][]
 []


Underfull \hbox (badness 10000) detected at line 132
[][][]
 []

[5]
Underfull \hbox (badness 10000) detected at line 153
[][][]
 []


Underfull \hbox (badness 10000) detected at line 174
[][][]
 []


Overfull \hbox (1.97964pt too wide) in paragraph at lines 1--1
\T1/phv/m/sl/10 _[] 
 []

[6]
Underfull \hbox (badness 10000) detected at line 230
[][][]
 []

) (./classEdgeDof.tex) (./classFaceDof.tex
Overfull \hbox (3.9776pt too wide) in paragraph at lines 3--3
[]\T1/phv/m/sl/10 monomial[] 
 []

[7]
Underfull \hbox (badness 10000) detected at line 55
[][][]
 []


Underfull \hbox (badness 10000) detected at line 72
[][][]
 []


Underfull \hbox (badness 10000) detected at line 90
[][][]
 []

[8]) (./structGauss_1_1GaussData.tex)
(./classGaussLobatto_1_1GaussLobattoCache.tex
Underfull \hbox (badness 10000) in paragraph at lines 17--18
 \T1/phv/b/n/10 3.5.1.1 get-Cache()[] \T1/pcr/m/n/8 const std[]::pair$\OML/cmm/
m/it/8 <$ \T1/pcr/m/n/8 std[]::vector$\OML/cmm/m/it/8 <$ \T1/pcr/m/n/8 real $\O
ML/cmm/m/it/8 >$\T1/pcr/m/n/8 , std[]::vector$\OML/cmm/m/it/8 <$ \T1/pcr/m/n/8 
real $\OML/cmm/m/it/8 >$ $>$ \T1/pcr/m/n/8 & Gauss[]
 []


Underfull \hbox (badness 10000) detected at line 28
[][][]
 []

[9]) (./classLinearTrinomialPower.tex [10]) (./classLocalVirtualDofs.tex
[11]
Underfull \hbox (badness 10000) detected at line 73
[][][]
 []


Underfull \hbox (badness 10000) detected at line 91
[][][]
 []

[12]
Underfull \hbox (badness 10000) detected at line 115
[][][]
 []


Underfull \hbox (badness 10000) detected at line 133
[][][]
 []


Underfull \hbox (badness 10000) detected at line 146
[][][]
 []


Underfull \hbox (badness 10000) detected at line 159
[][][]
 []


Underfull \hbox (badness 10000) detected at line 172
[][][]
 []

[13]
Underfull \hbox (badness 10000) detected at line 185
[][][]
 []


Underfull \hbox (badness 10000) detected at line 198
[][][]
 []


Underfull \hbox (badness 10000) detected at line 216
[][][]
 []

[14]
Underfull \hbox (badness 10000) detected at line 234
[][][]
 []


Underfull \hbox (badness 10000) detected at line 257
[][][]
 []

) (./classLocalVirtualDofsCollection.tex [15]
Underfull \hbox (badness 10000) detected at line 50
[][][]
 []


Underfull \hbox (badness 10000) in paragraph at lines 57--58
 \T1/phv/b/n/10 3.8.2.2 num-Lo-calD-of-s-Col-lec-tion()[] \T1/pcr/m/n/8 size[]_
[]t Local[]Virtual[]Dofs[]Collection[]::num[]Local[]Dofs[]Collection ( )
 []


Underfull \hbox (badness 10000) detected at line 63
[][][]
 []

) (./classMesh.tex

Package hyperref Warning: Token not allowed in a PDF string (Unicode):
(hyperref)                removing `math shift' on input line 1.


Package hyperref Warning: Token not allowed in a PDF string (Unicode):
(hyperref)                removing `math shift' on input line 1.


Package hyperref Warning: Token not allowed in a PDF string (Unicode):
(hyperref)                removing `math shift' on input line 1.


Package hyperref Warning: Token not allowed in a PDF string (Unicode):
(hyperref)                removing `math shift' on input line 1.

[16]
Underfull \hbox (badness 10000) in paragraph at lines 66--68
 \T1/phv/b/n/10 3.9.2.1 get-Edge()[] \T1/pcr/m/n/8 template$\OML/cmm/m/it/8 <$\
T1/pcr/m/n/8 typename Point[]Type , typename Edge[]Type , typename Polygon[]Typ
e ,
 []

[17]
Underfull \hbox (badness 10000) detected at line 78
[][][]
 []


Underfull \hbox (badness 10000) in paragraph at lines 85--87
 \T1/phv/b/n/10 3.9.2.2 get-Edges()[] \T1/pcr/m/n/8 template$\OML/cmm/m/it/8 <$
\T1/pcr/m/n/8 typename Point[]Type , typename Edge[]Type , typename Polygon[]Ty
pe ,
 []


Underfull \hbox (badness 10000) in paragraph at lines 85--87
\T1/pcr/m/n/8 const std[]::map$\OML/cmm/m/it/8 <$\T1/pcr/m/n/8 Index[]Type, Edg
e[]Type$\OML/cmm/m/it/8 >$ []$<$ \T1/pcr/m/n/8 Point[]Type, Edge[]Type, Polygon
[]Type, Polyhedron[]Type
 []


Underfull \hbox (badness 10000) detected at line 92
[][][]
 []


Underfull \hbox (badness 10000) in paragraph at lines 99--101
 \T1/phv/b/n/10 3.9.2.3 get-Poly-gon()[] \T1/pcr/m/n/8 template$\OML/cmm/m/it/8
 <$\T1/pcr/m/n/8 typename Point[]Type , typename Edge[]Type , typename Polygon[
]Type ,
 []


Underfull \hbox (badness 10000) detected at line 111
[][][]
 []


Underfull \hbox (badness 10000) in paragraph at lines 118--120
 \T1/phv/b/n/10 3.9.2.4 get-Poly-gons()[] \T1/pcr/m/n/8 template$\OML/cmm/m/it/
8 <$\T1/pcr/m/n/8 typename Point[]Type , typename Edge[]Type , typename Polygon
[]Type ,
 []


Underfull \hbox (badness 10000) in paragraph at lines 118--120
\T1/pcr/m/n/8 const std[]::map$\OML/cmm/m/it/8 <$\T1/pcr/m/n/8 Index[]Type, Pol
ygon[]Type$\OML/cmm/m/it/8 >$ []$<$ \T1/pcr/m/n/8 Point[]Type, Edge[]Type, Poly
gon[]Type, Polyhedron[]Type
 []

[18]
Underfull \hbox (badness 10000) detected at line 125
[][][]
 []


Underfull \hbox (badness 10000) in paragraph at lines 132--134
 \T1/phv/b/n/10 3.9.2.5 get-Poly-he-dra()[] \T1/pcr/m/n/8 template$\OML/cmm/m/i
t/8 <$\T1/pcr/m/n/8 typename Point[]Type , typename Edge[]Type , typename Polyg
on[]Type ,
 []


Overfull \hbox (15.1713pt too wide) in paragraph at lines 132--134
\T1/pcr/m/n/8 const std[]::map$\OML/cmm/m/it/8 <$\T1/pcr/m/n/8 std[]::size[]_[]
t, Polyhedron[]Type$\OML/cmm/m/it/8 >$\T1/pcr/m/n/8 & []$\OML/cmm/m/it/8 <$ \T1
/pcr/m/n/8 Point[]Type, Edge[]Type, Polygon[]Type, Polyhedron[]
 []


Underfull \hbox (badness 10000) detected at line 139
[][][]
 []


Underfull \hbox (badness 10000) in paragraph at lines 146--148
 \T1/phv/b/n/10 3.9.2.6 get-Poly-he-dron()[] \T1/pcr/m/n/8 template$\OML/cmm/m/
it/8 <$\T1/pcr/m/n/8 typename Point[]Type , typename Edge[]Type , typename Poly
gon[]Type
 []


Underfull \hbox (badness 10000) in paragraph at lines 146--148
\T1/pcr/m/n/8 const Polyhedron[]Type& []$\OML/cmm/m/it/8 <$ \T1/pcr/m/n/8 Point
[]Type, Edge[]Type, Polygon[]Type, Polyhedron[]Type $\OML/cmm/m/it/8 >$[]\T1/pc
r/m/n/8 ::get[]Polyhedron
 []


Underfull \hbox (badness 10000) detected at line 158
[][][]
 []


Underfull \hbox (badness 10000) in paragraph at lines 165--167
 \T1/phv/b/n/10 3.9.2.7 get-Size()[] \T1/pcr/m/n/8 template$\OML/cmm/m/it/8 <$\
T1/pcr/m/n/8 typename Point[]Type , typename Edge[]Type , typename Polygon[]Typ
e ,
 []


Underfull \hbox (badness 10000) detected at line 172
[][][]
 []


Underfull \hbox (badness 10000) in paragraph at lines 179--181
 \T1/phv/b/n/10 3.9.2.8 getVer-tex()[] \T1/pcr/m/n/8 template$\OML/cmm/m/it/8 <
$\T1/pcr/m/n/8 typename Point[]Type , typename Edge[]Type , typename Polygon[]T
ype ,
 []

[19]
Underfull \hbox (badness 10000) detected at line 191
[][][]
 []


Underfull \hbox (badness 10000) in paragraph at lines 198--200
 \T1/phv/b/n/10 3.9.2.9 getVer-tices()[] \T1/pcr/m/n/8 template$\OML/cmm/m/it/8
 <$\T1/pcr/m/n/8 typename Point[]Type , typename Edge[]Type , typename Polygon[
]Type ,
 []


Underfull \hbox (badness 10000) in paragraph at lines 198--200
\T1/pcr/m/n/8 const std[]::map$\OML/cmm/m/it/8 <$\T1/pcr/m/n/8 std[]::size[]_[]
t, Point[]Type$\OML/cmm/m/it/8 >$\T1/pcr/m/n/8 & []$\OML/cmm/m/it/8 <$ \T1/pcr/
m/n/8 Point[]Type, Edge[]Type, Polygon[]Type, Polyhedron[]
 []


Underfull \hbox (badness 10000) detected at line 205
[][][]
 []


Underfull \hbox (badness 10000) in paragraph at lines 212--214
 \T1/phv/b/n/10 3.9.2.10 numEdges()[] \T1/pcr/m/n/8 template$\OML/cmm/m/it/8 <$
\T1/pcr/m/n/8 typename Point[]Type , typename Edge[]Type , typename Polygon[]Ty
pe ,
 []


Underfull \hbox (badness 10000) in paragraph at lines 212--214
\T1/pcr/m/n/8 std[]::size[]_[]t []$\OML/cmm/m/it/8 <$ \T1/pcr/m/n/8 Point[]Type
, Edge[]Type, Polygon[]Type, Polyhedron[]Type $\OML/cmm/m/it/8 >$[]\T1/pcr/m/n/
8 ::num[]Edges ( ) const
 []


Underfull \hbox (badness 10000) detected at line 219
[][][]
 []


Underfull \hbox (badness 10000) in paragraph at lines 226--228
 \T1/phv/b/n/10 3.9.2.11 numPoly-gons()[] \T1/pcr/m/n/8 template$\OML/cmm/m/it/
8 <$\T1/pcr/m/n/8 typename Point[]Type , typename Edge[]Type , typename Polygon
[]Type
 []


Underfull \hbox (badness 10000) in paragraph at lines 226--228
\T1/pcr/m/n/8 std[]::size[]_[]t []$\OML/cmm/m/it/8 <$ \T1/pcr/m/n/8 Point[]Type
, Edge[]Type, Polygon[]Type, Polyhedron[]Type $\OML/cmm/m/it/8 >$[]\T1/pcr/m/n/
8 ::num[]Polygons ( ) const
 []


Underfull \hbox (badness 10000) detected at line 233
[][][]
 []


Underfull \hbox (badness 10000) in paragraph at lines 240--242
 \T1/phv/b/n/10 3.9.2.12 numPoly-he-dra()[] \T1/pcr/m/n/8 template$\OML/cmm/m/i
t/8 <$\T1/pcr/m/n/8 typename Point[]Type , typename Edge[]Type , typename Polyg
on[]
 []


Underfull \hbox (badness 10000) in paragraph at lines 240--242
\T1/pcr/m/n/8 std[]::size[]_[]t []$\OML/cmm/m/it/8 <$ \T1/pcr/m/n/8 Point[]Type
, Edge[]Type, Polygon[]Type, Polyhedron[]Type $\OML/cmm/m/it/8 >$[]\T1/pcr/m/n/
8 ::num[]Polyhedra ( ) const
 []

[20]
Underfull \hbox (badness 10000) detected at line 247
[][][]
 []


Underfull \hbox (badness 10000) in paragraph at lines 254--256
 \T1/phv/b/n/10 3.9.2.13 numVer-tices()[] \T1/pcr/m/n/8 template$\OML/cmm/m/it/
8 <$\T1/pcr/m/n/8 typename Point[]Type , typename Edge[]Type , typename Polygon
[]Type
 []


Underfull \hbox (badness 10000) in paragraph at lines 254--256
\T1/pcr/m/n/8 std[]::size[]_[]t []$\OML/cmm/m/it/8 <$ \T1/pcr/m/n/8 Point[]Type
, Edge[]Type, Polygon[]Type, Polyhedron[]Type $\OML/cmm/m/it/8 >$[]\T1/pcr/m/n/
8 ::num[]Vertices ( ) const
 []


Underfull \hbox (badness 10000) detected at line 261
[][][]
 []

) (./classMonomial.tex

Package hyperref Warning: Token not allowed in a PDF string (Unicode):
(hyperref)                removing `math shift' on input line 1.


Package hyperref Warning: Token not allowed in a PDF string (Unicode):
(hyperref)                removing `math shift' on input line 1.


Package hyperref Warning: Token not allowed in a PDF string (Unicode):
(hyperref)                removing `math shift' on input line 1.


Package hyperref Warning: Token not allowed in a PDF string (Unicode):
(hyperref)                removing `math shift' on input line 1.

[21]
Underfull \hbox (badness 10000) detected at line 70
[][][]
 []

[22]
Underfull \hbox (badness 10000) detected at line 95
[][][]
 []


Underfull \hbox (badness 10000) detected at line 109
[][][]
 []


Underfull \hbox (badness 10000) detected at line 123
[][][]
 []


Underfull \hbox (badness 10000) detected at line 137
[][][]
 []

[23]
Underfull \hbox (badness 10000) detected at line 156
[][][]
 []


Underfull \hbox (badness 10000) detected at line 196
[][][]
 []

) (./classMonomial2D.tex [24]
LaTeX Font Info:    Font shape `T1/phv/b/n' will be
(Font)              scaled to size 7.19995pt on input line 52.

Overfull \vbox (18.76704pt too high) has occurred while \output is active []


[25]
Overfull \hbox (3.9776pt too wide) in paragraph at lines 1--1
[]\T1/phv/m/sl/10 order[] 
 []


Overfull \hbox (3.9776pt too wide) in paragraph at lines 1--1
[]\T1/phv/m/sl/10 order[] 
 []


Overfull \vbox (8.89857pt too high) has occurred while \output is active []


[26]
Underfull \hbox (badness 10000) detected at line 130
[][][]
 []


Underfull \hbox (badness 10000) detected at line 143
[][][]
 []


Underfull \hbox (badness 10000) detected at line 156
[][][]
 []


Underfull \hbox (badness 10000) in paragraph at lines 163--164
 \T1/phv/b/n/10 3.11.2.6 get-Lapla-ciansToMono-mi-al-sOr-dered()[] \T1/pcr/m/n/
8 const std[]::vector$\OML/cmm/m/it/8 <$ \T1/pcr/m/n/8 std[]::pair$\OML/cmm/m/i
t/8 <$ \T1/pcr/m/n/8 std[]::pair$\OML/cmm/m/it/8 <$ \T1/pcr/m/n/8 real,
 []


Underfull \hbox (badness 10000) in paragraph at lines 163--164
\T1/pcr/m/n/8 std[]::size[]_[]t $\OML/cmm/m/it/8 >$\T1/pcr/m/n/8 , std[]::pair$
\OML/cmm/m/it/8 <$ \T1/pcr/m/n/8 real, std[]::size[]_[]t $\OML/cmm/m/it/8 >$ $>
$ $>$ \T1/pcr/m/n/8 Monomial2[]D[]::get[]Laplacians[]To[]Monomials[]
 []


Overfull \hbox (3.9776pt too wide) in paragraph at lines 1--1
[]\T1/phv/m/sl/10 order[] 
 []


Underfull \hbox (badness 10000) detected at line 174
[][][]
 []


Underfull \hbox (badness 10000) in paragraph at lines 181--182
 \T1/phv/b/n/10 3.11.2.7 get-Mono-mi-al-sOr-dered()[] \T1/pcr/m/n/8 const std[]
::vector$\OML/cmm/m/it/8 <$ [] $>$ \T1/pcr/m/n/8 Monomial2[]D[]::get[]Monomials
[]
 []


Overfull \hbox (3.9776pt too wide) in paragraph at lines 1--1
[]\T1/phv/m/sl/10 order[] 
 []

[27]
Underfull \hbox (badness 10000) detected at line 192
[][][]
 []


Underfull \hbox (badness 10000) detected at line 210
[][][]
 []


Underfull \hbox (badness 10000) detected at line 233
[][][]
 []

) (./classMonomial3D.tex [28] [29]
Underfull \hbox (badness 10000) in paragraph at lines 97--98
 \T1/phv/b/n/10 3.12.2.1 com-pute-Gra-di-entsToMono-mi-al-sOr-dered()[] \T1/pcr
/m/n/8 void Monomial3[]D[]::compute[]Gradients[]To[]Monomials[]
 []


Overfull \hbox (3.9776pt too wide) in paragraph at lines 1--1
[]\T1/phv/m/sl/10 order[] 
 []

[30]
Overfull \hbox (3.9776pt too wide) in paragraph at lines 1--1
[]\T1/phv/m/sl/10 order[] 
 []


Overfull \hbox (3.9776pt too wide) in paragraph at lines 1--1
[]\T1/phv/m/sl/10 order[] 
 []


Underfull \hbox (badness 10000) detected at line 153
[][][]
 []


Underfull \hbox (badness 10000) detected at line 166
[][][]
 []

[31]
Underfull \hbox (badness 10000) detected at line 179
[][][]
 []


Underfull \hbox (badness 10000) detected at line 192
[][][]
 []


Underfull \hbox (badness 10000) in paragraph at lines 199--200
 \T1/phv/b/n/10 3.12.2.8 get-Gra-di-entsToMono-mi-al-sOr-dered()[] \T1/pcr/m/n/
8 const std[]::vector$\OML/cmm/m/it/8 <$ \T1/pcr/m/n/8 std[]::array$\OML/cmm/m/
it/8 <$ \T1/pcr/m/n/8 std[]::pair$\OML/cmm/m/it/8 <$ \T1/pcr/m/n/8 real,
 []


Overfull \hbox (3.9776pt too wide) in paragraph at lines 1--1
[]\T1/phv/m/sl/10 order[] 
 []


Underfull \hbox (badness 10000) detected at line 210
[][][]
 []


Underfull \hbox (badness 10000) in paragraph at lines 217--218
 \T1/phv/b/n/10 3.12.2.9 get-Lapla-ciansToMono-mi-al-sOr-dered()[] \T1/pcr/m/n/
8 const std[]::vector$\OML/cmm/m/it/8 <$ \T1/pcr/m/n/8 std[]::array$\OML/cmm/m/
it/8 <$ \T1/pcr/m/n/8 std[]::pair$\OML/cmm/m/it/8 <$ \T1/pcr/m/n/8 real,
 []


Overfull \hbox (3.9776pt too wide) in paragraph at lines 1--1
[]\T1/phv/m/sl/10 order[] 
 []

[32]
Underfull \hbox (badness 10000) detected at line 228
[][][]
 []


Underfull \hbox (badness 10000) in paragraph at lines 235--236
 \T1/phv/b/n/10 3.12.2.10 get-Mono-mi-al-sOr-dered()[] \T1/pcr/m/n/8 const std[
]::vector$\OML/cmm/m/it/8 <$ [] $>$ \T1/pcr/m/n/8 Monomial3[]D[]::get[]Monomial
s[]
 []


Overfull \hbox (3.9776pt too wide) in paragraph at lines 1--1
[]\T1/phv/m/sl/10 order[] 
 []


Underfull \hbox (badness 10000) detected at line 246
[][][]
 []


Underfull \hbox (badness 10000) detected at line 264
[][][]
 []


Overfull \vbox (12.05266pt too high) has occurred while \output is active []


[33]
Underfull \hbox (badness 10000) detected at line 287
[][][]
 []

) (./classIntegrationMonomial_1_1MonomialsFaceIntegralsCache.tex
Underfull \hbox (badness 10000) in paragraph at lines 21--22
 \T1/phv/b/n/10 3.13.1.1 get-CacheMono-mial()[] \T1/pcr/m/n/8 real & Integratio
n[]Monomial[]::[]Monomials[]Face[]Integrals[]Cache[]::get[]
 []


Underfull \hbox (badness 10000) detected at line 34
[][][]
 []

[34] [35]
Underfull \hbox (badness 10000) detected at line 54
[][][]
 []

) (./classParameters.tex [36]
LaTeX Font Info:    Font shape `TS1/phv/m/it' in size <9> not available
(Font)              Font shape `TS1/phv/m/sl' tried instead on input line 23.
LaTeX Font Info:    Font shape `TS1/phv/m/sl' will be
(Font)              scaled to size 8.09995pt on input line 23.

Overfull \hbox (21.30212pt too wide) in paragraph at lines 58--59
 \T1/phv/b/n/10 3.14.2.1 ge-tEx-act-So-lu-tion()[] \T1/pcr/m/n/8 const std[]::f
unction$\OML/cmm/m/it/8 <$\T1/pcr/m/n/8 std[]::array$\OML/cmm/m/it/8 <$\T1/pcr/
m/n/8 real, 3$\OML/cmm/m/it/8 >$\T1/pcr/m/n/8 real, real, real)$\OML/cmm/m/it/8
 >$\T1/pcr/m/n/8 & Parameters[]
 []


Underfull \hbox (badness 10000) detected at line 64
[][][]
 []


Overfull \hbox (15.81209pt too wide) in paragraph at lines 71--72
 \T1/phv/b/n/10 3.14.2.2 ge-tEx-act-Strains()[] \T1/pcr/m/n/8 const std[]::func
tion$\OML/cmm/m/it/8 <$\T1/pcr/m/n/8 std[]::array$\OML/cmm/m/it/8 <$\T1/pcr/m/n
/8 real, 6$\OML/cmm/m/it/8 >$\T1/pcr/m/n/8 real, real, real)$\OML/cmm/m/it/8 >$
\T1/pcr/m/n/8 & Parameters[]
 []

[37]
Underfull \hbox (badness 10000) detected at line 77
[][][]
 []


Underfull \hbox (badness 10000) detected at line 90
[][][]
 []


Underfull \hbox (badness 10000) in paragraph at lines 97--98
 \T1/phv/b/n/10 3.14.2.4 get-Forc-ing()[] \T1/pcr/m/n/8 const std[]::function$\
OML/cmm/m/it/8 <$\T1/pcr/m/n/8 std[]::array$\OML/cmm/m/it/8 <$\T1/pcr/m/n/8 rea
l, 3$\OML/cmm/m/it/8 >$\T1/pcr/m/n/8 real, real, real)$\OML/cmm/m/it/8 >$\T1/pc
r/m/n/8 & Parameters[]
 []


Underfull \hbox (badness 10000) detected at line 103
[][][]
 []


Underfull \hbox (badness 10000) in paragraph at lines 110--111
 \T1/phv/b/n/10 3.14.2.5 getH-o-mo-ge-neous-Dirich-letBC()[] \T1/pcr/m/n/8 cons
t std[]::vector$\OML/cmm/m/it/8 <$\T1/pcr/m/n/8 std[]::function$\OML/cmm/m/it/8
 <$\T1/pcr/m/n/8 real(real, real, real)$\OML/cmm/m/it/8 >$
 []


Underfull \hbox (badness 10000) detected at line 116
[][][]
 []


Underfull \hbox (badness 10000) in paragraph at lines 123--124
 \T1/phv/b/n/10 3.14.2.6 ge-tIni-tial-ize-FaceIn-te-grals()[] \T1/pcr/m/n/8 con
st bool& Parameters[]::get[]Initialize[]Face[]Integrals ( ) const
 []


Underfull \hbox (badness 10000) detected at line 129
[][][]
 []


Underfull \hbox (badness 10000) detected at line 144
[][][]
 []

[38]
Underfull \hbox (badness 10000) detected at line 157
[][][]
 []


Underfull \hbox (badness 10000) detected at line 170
[][][]
 []


Underfull \hbox (badness 10000) detected at line 183
[][][]
 []


Underfull \hbox (badness 10000) detected at line 196
[][][]
 []

) (./classgeometry_1_1Point.tex

Package hyperref Warning: Token not allowed in a PDF string (Unicode):
(hyperref)                removing `math shift' on input line 1.


Package hyperref Warning: Token not allowed in a PDF string (Unicode):
(hyperref)                removing `math shift' on input line 1.


Package hyperref Warning: Token not allowed in a PDF string (Unicode):
(hyperref)                removing `math shift' on input line 1.


Package hyperref Warning: Token not allowed in a PDF string (Unicode):
(hyperref)                removing `math shift' on input line 1.

[39] [40] [41]
Underfull \hbox (badness 10000) detected at line 113
[][][]
 []


Underfull \hbox (badness 10000) detected at line 138
[][][]
 []

[42]
Underfull \hbox (badness 10000) detected at line 163
[][][]
 []


Underfull \hbox (badness 10000) detected at line 188
[][][]
 []


Underfull \hbox (badness 10000) in paragraph at lines 195--197
\T1/pcr/m/n/8 const std[]::array$\OML/cmm/m/it/8 <$\T1/pcr/m/n/8 real, sizeof..
.(Args)$\OML/cmm/m/it/8 >$ []$<$ \T1/pcr/m/n/8 Args $\OML/cmm/m/it/8 >$[]\T1/pc
r/m/n/8 ::get[]Coordinates ( ) const
 []


Underfull \hbox (badness 10000) detected at line 202
[][][]
 []


Underfull \hbox (badness 10000) detected at line 216
[][][]
 []

[43]
Underfull \hbox (badness 10000) detected at line 241
[][][]
 []


Underfull \hbox (badness 10000) detected at line 255
[][][]
 []


Underfull \hbox (badness 10000) detected at line 269
[][][]
 []

[44]
Underfull \hbox (badness 10000) detected at line 288
[][][]
 []


Underfull \hbox (badness 10000) detected at line 313
[][][]
 []


Underfull \hbox (badness 10000) detected at line 338
[][][]
 []

[45]
Underfull \hbox (badness 10000) detected at line 357
[][][]
 []


Underfull \hbox (badness 10000) detected at line 376
[][][]
 []

[46]
Underfull \hbox (badness 10000) detected at line 403
[][][]
 []


Underfull \hbox (badness 10000) detected at line 424
[][][]
 []


Underfull \hbox (badness 10000) detected at line 449
[][][]
 []


Overfull \hbox (1.97964pt too wide) in paragraph at lines 1--1
\T1/phv/m/sl/10 _[] 
 []

[47]
Underfull \hbox (badness 10000) detected at line 489
[][][]
 []


Underfull \hbox (badness 10000) detected at line 510
[][][]
 []

) (./classgeometry_1_1Polygon.tex

Package hyperref Warning: Token not allowed in a PDF string (Unicode):
(hyperref)                removing `math shift' on input line 1.


Package hyperref Warning: Token not allowed in a PDF string (Unicode):
(hyperref)                removing `math shift' on input line 1.


Package hyperref Warning: Token not allowed in a PDF string (Unicode):
(hyperref)                removing `math shift' on input line 1.


Package hyperref Warning: Token not allowed in a PDF string (Unicode):
(hyperref)                removing `math shift' on input line 1.

[48] [49]
Underfull \hbox (badness 10000) detected at line 112
[][][]
 []

[50]
Underfull \hbox (badness 10000) detected at line 128
[][][]
 []


Underfull \hbox (badness 10000) detected at line 142
[][][]
 []


Underfull \hbox (badness 10000) detected at line 156
[][][]
 []


Underfull \hbox (badness 10000) detected at line 170
[][][]
 []

[51]
Underfull \hbox (badness 10000) detected at line 189
[][][]
 []


Underfull \hbox (badness 10000) detected at line 203
[][][]
 []


Underfull \hbox (badness 10000) detected at line 217
[][][]
 []


Underfull \hbox (badness 10000) detected at line 231
[][][]
 []

[52]
Underfull \hbox (badness 10000) detected at line 250
[][][]
 []


Underfull \hbox (badness 10000) detected at line 264
[][][]
 []


Underfull \hbox (badness 10000) detected at line 283
[][][]
 []

[53]
Underfull \hbox (badness 10000) detected at line 304
[][][]
 []


Underfull \hbox (badness 10000) detected at line 325
[][][]
 []


Overfull \hbox (1.97964pt too wide) in paragraph at lines 1--1
\T1/phv/m/sl/10 _[] 
 []

[54]
Underfull \hbox (badness 10000) detected at line 397
[][][]
 []

) (./classgeometry_1_1Polyhedron.tex

Package hyperref Warning: Token not allowed in a PDF string (Unicode):
(hyperref)                removing `math shift' on input line 1.


Package hyperref Warning: Token not allowed in a PDF string (Unicode):
(hyperref)                removing `math shift' on input line 1.


Package hyperref Warning: Token not allowed in a PDF string (Unicode):
(hyperref)                removing `math shift' on input line 1.


Package hyperref Warning: Token not allowed in a PDF string (Unicode):
(hyperref)                removing `math shift' on input line 1.

[55] [56]
Underfull \hbox (badness 10000) detected at line 79
[][][]
 []


Underfull \hbox (badness 10000) detected at line 93
[][][]
 []


Underfull \hbox (badness 10000) detected at line 112
[][][]
 []


Underfull \hbox (badness 10000) detected at line 126
[][][]
 []

[57]
Underfull \hbox (badness 10000) detected at line 145
[][][]
 []


Overfull \hbox (1.97964pt too wide) in paragraph at lines 1--1
\T1/phv/m/sl/10 _[] 
 []


Underfull \hbox (badness 10000) detected at line 185
[][][]
 []

) (./classPolyhedronDof.tex [58]
Overfull \hbox (3.9776pt too wide) in paragraph at lines 3--3
[]\T1/phv/m/sl/10 monomial[] 
 []


Underfull \hbox (badness 10000) detected at line 55
[][][]
 []

[59]
Underfull \hbox (badness 10000) detected at line 72
[][][]
 []


Underfull \hbox (badness 10000) detected at line 90
[][][]
 []

) (./classPolynomial.tex

Package hyperref Warning: Token not allowed in a PDF string (Unicode):
(hyperref)                removing `math shift' on input line 1.


Package hyperref Warning: Token not allowed in a PDF string (Unicode):
(hyperref)                removing `math shift' on input line 1.


Package hyperref Warning: Token not allowed in a PDF string (Unicode):
(hyperref)                removing `math shift' on input line 1.


Package hyperref Warning: Token not allowed in a PDF string (Unicode):
(hyperref)                removing `math shift' on input line 1.

[60]
Underfull \hbox (badness 10000) detected at line 81
[][][]
 []


Underfull \hbox (badness 10000) in paragraph at lines 88--90
\T1/pcr/m/n/8 const std[]::map$\OML/cmm/m/it/8 <$\T1/pcr/m/n/8 std[]::vector$\O
ML/cmm/m/it/8 <$\T1/pcr/m/n/8 unsigned int$\OML/cmm/m/it/8 >$\T1/pcr/m/n/8 , []
$\OML/cmm/m/it/8 <$\T1/pcr/m/n/8 Dimension$\OML/cmm/m/it/8 >$ $>$\T1/pcr/m/n/8 
& []$\OML/cmm/m/it/8 <$ \T1/pcr/m/n/8 Dimension $\OML/cmm/m/it/8 >$[]
 []

[61]
Underfull \hbox (badness 10000) detected at line 95
[][][]
 []


Underfull \hbox (badness 10000) detected at line 114
[][][]
 []


Underfull \hbox (badness 10000) detected at line 133
[][][]
 []


Underfull \hbox (badness 10000) detected at line 147
[][][]
 []

[62]) (./classProblem.tex) (./classSolver.tex [63]
Underfull \hbox (badness 10000) detected at line 84
[][][]
 []


Underfull \hbox (badness 10000) in paragraph at lines 91--92
 \T1/phv/b/n/10 3.21.2.2 get-So-lu-tionDis-place-ments()[] \T1/pcr/m/n/8 std[]:
:vector$\OML/cmm/m/it/8 <$ \T1/pcr/m/n/8 real $\OML/cmm/m/it/8 >$ \T1/pcr/m/n/8
 Solver[]::get[]Solution[]Displacements ( )
 []


Underfull \hbox (badness 10000) detected at line 97
[][][]
 []


Underfull \hbox (badness 10000) detected at line 110
[][][]
 []

) (./classSolverVEM.tex [64]
Underfull \hbox (badness 4353) in paragraph at lines 16--17
[]\T1/phv/m/n/10 void [] (const []$\OML/cmm/m/it/10 <$ []\T1/phv/m/n/10 , [], [
], []$\OML/cmm/m/it/10 <$
 []

[65]
Underfull \hbox (badness 10000) detected at line 71
[][][]
 []


Underfull \hbox (badness 10000) in paragraph at lines 78--79
|  \T1/pcr/m/n/8 const std[]::vector$\OML/cmm/m/it/8 <$ \T1/pcr/m/n/8 std[]::fu
nction$\OML/cmm/m/it/8 <$ \T1/pcr/m/n/8 real(real, real, real)$\OML/cmm/m/it/8 
>$$>$ \T1/pcr/m/n/8 & \T1/pcr/m/sl/8 constraint[]Functions
 []

) (./classVertexDof.tex [66]
Overfull \hbox (3.9776pt too wide) in paragraph at lines 3--3
[]\T1/phv/m/sl/10 vertex[] 
 []


Underfull \hbox (badness 10000) detected at line 55
[][][]
 []


Underfull \hbox (badness 10000) detected at line 72
[][][]
 []

[67]
Underfull \hbox (badness 10000) detected at line 90
[][][]
 []

) (./classVirtualDof.tex
Underfull \hbox (badness 10000) detected at line 47
[][][]
 []

[68]
Underfull \hbox (badness 10000) detected at line 69
[][][]
 []


Underfull \hbox (badness 10000) detected at line 96
[][][]
 []

) (./classVirtualDofsCollection.tex [69]
Overfull \hbox (3.9776pt too wide) in paragraph at lines 3--3
[]\T1/phv/m/sl/10 order[] 
 []

[70]
Underfull \hbox (badness 10000) detected at line 82
[][][]
 []


Underfull \hbox (badness 10000) detected at line 100
[][][]
 []

[71]
Underfull \hbox (badness 10000) detected at line 113
[][][]
 []


Underfull \hbox (badness 10000) detected at line 126
[][][]
 []


Underfull \hbox (badness 10000) detected at line 139
[][][]
 []


Underfull \hbox (badness 10000) detected at line 152
[][][]
 []


Underfull \hbox (badness 10000) detected at line 165
[][][]
 []


Underfull \hbox (badness 10000) detected at line 178
[][][]
 []

[72]
Underfull \hbox (badness 10000) detected at line 201
[][][]
 []

) (./classVirtualFaceProjections.tex
Underfull \hbox (badness 1975) in paragraph at lines 8--9
[]\T1/phv/m/n/10 std[]::vector$\OML/cmm/m/it/10 <$ []$<$ \T1/phv/m/n/10 2 $\OML
/cmm/m/it/10 >$ $>$ [] \T1/phv/m/n/10 (const [] &dofs, const
 []

[73]
Underfull \hbox (badness 10000) in paragraph at lines 41--42
 \T1/phv/b/n/10 3.26.2.1 com-pute-Face-Pro-jec-tion()[] \T1/pcr/m/n/8 std[]::ve
ctor$\OML/cmm/m/it/8 <$ []$<$ \T1/pcr/m/n/8 2 $\OML/cmm/m/it/8 >$ $>$ \T1/pcr/m
/n/8 Virtual[]Face[]Projections[]
 []


Underfull \hbox (badness 10000) detected at line 58
[][][]
 []


Underfull \hbox (badness 10000) in paragraph at lines 65--66
 \T1/phv/b/n/10 3.26.2.2 get-Face-Pro-jec-tion()[] \T1/pcr/m/n/8 const std[]::v
ector$\OML/cmm/m/it/8 <$ []$<$ \T1/pcr/m/n/8 2 $\OML/cmm/m/it/8 >$ $>$ \T1/pcr/
m/n/8 & Virtual[]Face[]Projections[]
 []

[74]
Underfull \hbox (badness 10000) detected at line 76
[][][]
 []

) (./classVirtualPolyhedronProjections.tex
Underfull \hbox (badness 2368) in paragraph at lines 6--7
\T1/phv/m/n/10 const [] &dofs, const []$\OML/cmm/m/it/10 <$ []\T1/phv/m/n/10 , 
[], [], []$\OML/cmm/m/it/10 <$
 []


Underfull \hbox (badness 4108) in paragraph at lines 8--9
[][] \T1/phv/m/n/10 (const [] &pa-ram-e-ters, const [] &face[]
 []


Underfull \hbox (badness 3646) in paragraph at lines 8--9
\T1/phv/m/n/10 Projections, const [] &dofs, const []$\OML/cmm/m/it/10 <$ []\T1/
phv/m/n/10 , [], [],
 []


Underfull \hbox (badness 5091) in paragraph at lines 10--11
[]\T1/phv/m/n/10 Eigen[]::[]Sparse[]Matrix$\OML/cmm/m/it/10 <$ \T1/phv/m/n/10 r
eal $\OML/cmm/m/it/10 >$ [] \T1/phv/m/n/10 (const [] &face[]
 []


Underfull \hbox (badness 10000) in paragraph at lines 31--32
 \T1/phv/b/n/10 3.27.1.1 Vir-tu-alPoly-he-dron-Pro-jec-tions() \T1/pcr/b/n/8 [1
/2][] \T1/pcr/m/n/8 Virtual[]Polyhedron[]Projections[]::[]Virtual[]Polyhedron[]

 []

[75]
Underfull \hbox (badness 10000) in paragraph at lines 62--63
 \T1/phv/b/n/10 3.27.1.2 Vir-tu-alPoly-he-dron-Pro-jec-tions() \T1/pcr/b/n/8 [2
/2][] \T1/pcr/m/n/8 Virtual[]Polyhedron[]Projections[]::[]Virtual[]Polyhedron[]

 []


Overfull \hbox (16.84792pt too wide) in paragraph at lines 86--87
 \T1/phv/b/n/10 3.27.2.1 com-putePoly-he-dron-Pro-jec-tions()[] \T1/pcr/m/n/8 E
igen[]::[]Sparse[]Matrix$\OML/cmm/m/it/8 <$ \T1/pcr/m/n/8 real $\OML/cmm/m/it/8
 >$ \T1/pcr/m/n/8 Virtual[]Polyhedron[]Projections[]
 []

[76]
Underfull \hbox (badness 10000) detected at line 109
[][][]
 []


Underfull \hbox (badness 10000) in paragraph at lines 116--117
 \T1/phv/b/n/10 3.27.2.2 get-De-for-ma-tion-RB-M-Ma-tri-ces()[] \T1/pcr/m/n/8 c
onst std[]::map$\OML/cmm/m/it/8 <$ \T1/pcr/m/n/8 std[]::size[]_[]t, Eigen[]::[]
Sparse[]Matrix$\OML/cmm/m/it/8 <$ \T1/pcr/m/n/8 real $\OML/cmm/m/it/8 >$
 []


Underfull \hbox (badness 10000) detected at line 122
[][][]
 []


Underfull \hbox (badness 10000) in paragraph at lines 129--130
 \T1/phv/b/n/10 3.27.2.3 getE-las-tic-Ma-tri-ces()[] \T1/pcr/m/n/8 const std[]:
:map$\OML/cmm/m/it/8 <$ \T1/pcr/m/n/8 std[]::size[]_[]t, Eigen[]::[]Sparse[]Mat
rix$\OML/cmm/m/it/8 <$ \T1/pcr/m/n/8 real $\OML/cmm/m/it/8 >$ $>$ \T1/pcr/m/n/8
 &
 []


Underfull \hbox (badness 10000) detected at line 135
[][][]
 []


Underfull \hbox (badness 10000) in paragraph at lines 142--143
 \T1/phv/b/n/10 3.27.2.4 get-forc-ing-Pro-jec-tions()[] \T1/pcr/m/n/8 const std
[]::map$\OML/cmm/m/it/8 <$ \T1/pcr/m/n/8 std[]::size[]_[]t, Eigen[]::[]Vector[]
Xd $\OML/cmm/m/it/8 >$ \T1/pcr/m/n/8 & Virtual[]
 []


Underfull \hbox (badness 10000) detected at line 148
[][][]
 []


Underfull \hbox (badness 10000) in paragraph at lines 155--156
 \T1/phv/b/n/10 3.27.2.5 get-Inverse-Ma-tri-cesG()[] \T1/pcr/m/n/8 const std[]:
:map$\OML/cmm/m/it/8 <$ \T1/pcr/m/n/8 std[]::size[]_[]t, Eigen[]::[]Sparse[]Mat
rix$\OML/cmm/m/it/8 <$ \T1/pcr/m/n/8 real $\OML/cmm/m/it/8 >$ $>$ \T1/pcr/m/n/8
 &
 []


Underfull \hbox (badness 10000) detected at line 161
[][][]
 []

[77]
Underfull \hbox (badness 10000) detected at line 174
[][][]
 []


Underfull \hbox (badness 10000) in paragraph at lines 181--182
 \T1/phv/b/n/10 3.27.2.7 get-Poly-he-dron-Pro-jec-tions()[] \T1/pcr/m/n/8 const
 std[]::map$\OML/cmm/m/it/8 <$ \T1/pcr/m/n/8 std[]::size[]_[]t, Eigen[]::[]Spar
se[]Matrix$\OML/cmm/m/it/8 <$ \T1/pcr/m/n/8 real $\OML/cmm/m/it/8 >$ $>$
 []


Underfull \hbox (badness 10000) detected at line 187
[][][]
 []

) [78] (./refman.ind
LaTeX Font Info:    Font shape `T1/phv/bc/n' will be
(Font)              scaled to size 12.9599pt on input line 1.
 [79


] [80]
Underfull \hbox (badness 10000) in paragraph at lines 307--309
[]\T1/phv/m/n/10 IntegrationMonomial::MonomialsFaceIntegralsCache,
 []


Underfull \hbox (badness 1092) in paragraph at lines 341--343
[]\T1/phv/m/n/10 Mesh$\OML/cmm/m/it/10 <$ \T1/phv/m/n/10 Point-Type, Ed-geType,
 Poly-gonType, Poly-he-
 []

[81] [82] [83]) (./refman.aux)
Package rerunfilecheck Info: File `refman.out' has not changed.
(rerunfilecheck)             Checksum: 482B45C4F2120FCDD7872F702ADF07B3;24153.
 ) 
Here is how much of TeX's memory you used:
 18643 strings out of 480247
 315568 string characters out of 5896151
 662660 words of memory out of 5000000
 35397 multiletter control sequences out of 15000+600000
 523769 words of font info for 107 fonts, out of 8000000 for 9000
 14 hyphenation exceptions out of 8191
 99i,16n,117p,1120b,645s stack positions out of 5000i,500n,10000p,200000b,80000s
pdfTeX warning (dest): name{classEdgeDof_a2a202585fac26154459b3ab275dcc508} h
as been referenced but does not exist, replaced by a fixed one

pdfTeX warning (dest): name{classEdgeDof_a797333e36ff827888c1bd78693b939ca} has
 been referenced but does not exist, replaced by a fixed one

{/usr/share/texlive/texmf-dist/fonts/enc/dvips/base/8r.enc}</usr/share/texlive/
texmf-dist/fonts/type1/public/amsfonts/cm/cmmi10.pfb></usr/share/texlive/texmf-
dist/fonts/type1/public/amsfonts/cm/cmmi12.pfb></usr/share/texlive/texmf-dist/f
onts/type1/public/amsfonts/cm/cmmi7.pfb></usr/share/texlive/texmf-dist/fonts/ty
pe1/public/amsfonts/cm/cmmi8.pfb></usr/share/texlive/texmf-dist/fonts/type1/pub
lic/amsfonts/cm/cmmi9.pfb></usr/share/texlive/texmf-dist/fonts/type1/public/ams
fonts/cm/cmsy10.pfb></usr/share/texlive/texmf-dist/fonts/type1/public/amsfonts/
cm/cmsy6.pfb></usr/share/texlive/texmf-dist/fonts/type1/public/amsfonts/cm/cmsy
7.pfb></usr/share/texlive/texmf-dist/fonts/type1/public/amsfonts/cm/cmsy8.pfb><
/usr/share/texlive/texmf-dist/fonts/type1/public/amsfonts/cm/cmsy9.pfb></usr/sh
are/texlive/texmf-dist/fonts/type1/urw/courier/ucrb8a.pfb></usr/share/texlive/t
exmf-dist/fonts/type1/urw/courier/ucrr8a.pfb></usr/share/texlive/texmf-dist/fon
ts/type1/urw/courier/ucrro8a.pfb></usr/share/texlive/texmf-dist/fonts/type1/urw
/helvetic/uhvb8a.pfb></usr/share/texlive/texmf-dist/fonts/type1/urw/helvetic/uh
vb8ac.pfb></usr/share/texlive/texmf-dist/fonts/type1/urw/helvetic/uhvr8a.pfb></
usr/share/texlive/texmf-dist/fonts/type1/urw/helvetic/uhvro8a.pfb>
Output written on refman.pdf (86 pages, 357822 bytes).
PDF statistics:
 2894 PDF objects out of 2984 (max. 8388607)
 2734 compressed objects within 28 object streams
 805 named destinations out of 1000 (max. 500000)
 697 words of extra memory for PDF output out of 10000 (max. 10000000)

